<?xml version="1.0" encoding="UTF-8"?>
<coverage generated="1674382021131" clover="3.2.0">
  <project timestamp="1674382021131" name="All files">
    <metrics statements="14" coveredstatements="10" conditionals="4" coveredconditionals="1" methods="3" coveredmethods="2" elements="21" coveredelements="13" complexity="0" loc="14" ncloc="14" packages="3" files="3" classes="3"/>
    <package name="components.header">
      <metrics statements="12" coveredstatements="8" conditionals="4" coveredconditionals="1" methods="3" coveredmethods="2"/>
      <file name="HeaderComponent.js" path="/Users/sharmilanarendrababu/Desktop/NamasteReact/NamasteReact/src/components/header/HeaderComponent.js">
        <metrics statements="12" coveredstatements="8" conditionals="4" coveredconditionals="1" methods="3" coveredmethods="2"/>
        <line num="11" count="1" type="stmt"/>
        <line num="12" count="1" type="stmt"/>
        <line num="13" count="1" type="cond" truecount="1" falsecount="1"/>
        <line num="15" count="1" type="stmt"/>
        <line num="16" count="1" type="stmt"/>
        <line num="17" count="1" type="stmt"/>
        <line num="18" count="1" type="stmt"/>
        <line num="21" count="1" type="stmt"/>
        <line num="30" count="0" type="stmt"/>
        <line num="31" count="0" type="cond" truecount="0" falsecount="2"/>
        <line num="32" count="0" type="stmt"/>
        <line num="34" count="0" type="stmt"/>
      </file>
    </package>
    <package name="utils.constants">
      <metrics statements="1" coveredstatements="1" conditionals="0" coveredconditionals="0" methods="0" coveredmethods="0"/>
      <file name="Constants.js" path="/Users/sharmilanarendrababu/Desktop/NamasteReact/NamasteReact/src/utils/constants/Constants.js">
        <metrics statements="1" coveredstatements="1" conditionals="0" coveredconditionals="0" methods="0" coveredmethods="0"/>
        <line num="1" count="1" type="stmt"/>
      </file>
    </package>
    <package name="utils.shared_functions">
      <metrics statements="1" coveredstatements="1" conditionals="0" coveredconditionals="0" methods="0" coveredmethods="0"/>
      <file name="themeContext.js" path="/Users/sharmilanarendrababu/Desktop/NamasteReact/NamasteReact/src/utils/shared_functions/themeContext.js">
        <metrics statements="1" coveredstatements="1" conditionals="0" coveredconditionals="0" methods="0" coveredmethods="0"/>
        <line num="3" count="1" type="stmt"/>
      </file>
    </package>
  </project>
</coverage>
