{"/Users/sharmilanarendrababu/Desktop/NamasteReact/NamasteReact/src/components/header/HeaderComponent.js": {"path":"/Users/sharmilanarendrababu/Desktop/NamasteReact/NamasteReact/src/components/header/HeaderComponent.js","statementMap":{"0":{"start":{"line":11,"column":24},"end":{"line":45,"column":1}},"1":{"start":{"line":12,"column":30},"end":{"line":12,"column":54}},"2":{"start":{"line":13,"column":21},"end":{"line":13,"column":56}},"3":{"start":{"line":15,"column":2},"end":{"line":19,"column":14}},"4":{"start":{"line":16,"column":17},"end":{"line":16,"column":48}},"5":{"start":{"line":17,"column":4},"end":{"line":17,"column":38}},"6":{"start":{"line":18,"column":4},"end":{"line":18,"column":30}},"7":{"start":{"line":21,"column":2},"end":{"line":44,"column":4}},"8":{"start":{"line":30,"column":23},"end":{"line":30,"column":54}},"9":{"start":{"line":31,"column":10},"end":{"line":35,"column":11}},"10":{"start":{"line":32,"column":12},"end":{"line":32,"column":29}},"11":{"start":{"line":34,"column":12},"end":{"line":34,"column":30}}},"fnMap":{"0":{"name":"(anonymous_0)","decl":{"start":{"line":11,"column":24},"end":{"line":11,"column":25}},"loc":{"start":{"line":11,"column":30},"end":{"line":45,"column":1}},"line":11},"1":{"name":"(anonymous_1)","decl":{"start":{"line":15,"column":12},"end":{"line":15,"column":13}},"loc":{"start":{"line":15,"column":18},"end":{"line":19,"column":3}},"line":15},"2":{"name":"(anonymous_2)","decl":{"start":{"line":29,"column":17},"end":{"line":29,"column":18}},"loc":{"start":{"line":29,"column":23},"end":{"line":36,"column":9}},"line":29}},"branchMap":{"0":{"loc":{"start":{"line":13,"column":21},"end":{"line":13,"column":56}},"type":"cond-expr","locations":[{"start":{"line":13,"column":40},"end":{"line":13,"column":47}},{"start":{"line":13,"column":50},"end":{"line":13,"column":56}}],"line":13},"1":{"loc":{"start":{"line":31,"column":10},"end":{"line":35,"column":11}},"type":"if","locations":[{"start":{"line":31,"column":10},"end":{"line":35,"column":11}},{"start":{"line":33,"column":17},"end":{"line":35,"column":11}}],"line":31}},"s":{"0":1,"1":1,"2":1,"3":1,"4":1,"5":1,"6":1,"7":1,"8":0,"9":0,"10":0,"11":0},"f":{"0":1,"1":1,"2":0},"b":{"0":[0,1],"1":[0,0]},"_coverageSchema":"1a1c01bbd47fc00a2c39e90264f33305004495a9","hash":"542db5df70dcc715c0cbe5945c0df4457fd33c04"}
,"/Users/sharmilanarendrababu/Desktop/NamasteReact/NamasteReact/src/utils/constants/Constants.js": {"path":"/Users/sharmilanarendrababu/Desktop/NamasteReact/NamasteReact/src/utils/constants/Constants.js","statementMap":{"0":{"start":{"line":1,"column":14},"end":{"line":1,"column":24}}},"fnMap":{},"branchMap":{},"s":{"0":1},"f":{},"b":{},"_coverageSchema":"1a1c01bbd47fc00a2c39e90264f33305004495a9","hash":"57dab51fabf577c44af0f642141b595ce561d92e"}
,"/Users/sharmilanarendrababu/Desktop/NamasteReact/NamasteReact/src/utils/shared_functions/themeContext.js": {"path":"/Users/sharmilanarendrababu/Desktop/NamasteReact/NamasteReact/src/utils/shared_functions/themeContext.js","statementMap":{"0":{"start":{"line":3,"column":21},"end":{"line":3,"column":38}}},"fnMap":{},"branchMap":{},"s":{"0":1},"f":{},"b":{},"_coverageSchema":"1a1c01bbd47fc00a2c39e90264f33305004495a9","hash":"32bdef3203e7f112192d9f092a161992a6cd964b"}
}
